
  .   ____          _            __ _ _
 /\\ / ___'_ __ _ _(_)_ __  __ _ \ \ \ \
( ( )\___ | '_ | '_| | '_ \/ _` | \ \ \ \
 \\/  ___)| |_)| | | | | || (_| |  ) ) ) )
  '  |____| .__|_| |_|_| |_\__, | / / / /
 =========|_|==============|___/=/_/_/_/

 :: Spring Boot ::                (v3.3.3)

2025-01-13T18:56:07.201Z  INFO 6171 --- [bankapp] [           main] com.example.bankapp.BankappApplication   : Starting BankappApplication v0.0.1-SNAPSHOT using Java 17.0.13 with PID 6171 (/mnt/multi-tier-java-mysql/target/bankapp-0.0.1-SNAPSHOT.jar started by root in /mnt/multi-tier-java-mysql/target)
2025-01-13T18:56:07.219Z  INFO 6171 --- [bankapp] [           main] com.example.bankapp.BankappApplication   : No active profile set, falling back to 1 default profile: "default"
2025-01-13T18:56:08.623Z  INFO 6171 --- [bankapp] [           main] .s.d.r.c.RepositoryConfigurationDelegate : Bootstrapping Spring Data JPA repositories in DEFAULT mode.
2025-01-13T18:56:08.746Z  INFO 6171 --- [bankapp] [           main] .s.d.r.c.RepositoryConfigurationDelegate : Finished Spring Data repository scanning in 114 ms. Found 2 JPA repository interfaces.
2025-01-13T18:56:09.525Z  INFO 6171 --- [bankapp] [           main] o.s.b.w.embedded.tomcat.TomcatWebServer  : Tomcat initialized with port 8080 (http)
2025-01-13T18:56:09.544Z  INFO 6171 --- [bankapp] [           main] o.apache.catalina.core.StandardService   : Starting service [Tomcat]
2025-01-13T18:56:09.544Z  INFO 6171 --- [bankapp] [           main] o.apache.catalina.core.StandardEngine    : Starting Servlet engine: [Apache Tomcat/10.1.28]
2025-01-13T18:56:09.593Z  INFO 6171 --- [bankapp] [           main] o.a.c.c.C.[Tomcat].[localhost].[/]       : Initializing Spring embedded WebApplicationContext
2025-01-13T18:56:09.595Z  INFO 6171 --- [bankapp] [           main] w.s.c.ServletWebServerApplicationContext : Root WebApplicationContext: initialization completed in 2254 ms
2025-01-13T18:56:09.777Z  INFO 6171 --- [bankapp] [           main] com.zaxxer.hikari.HikariDataSource       : HikariPool-1 - Starting...
2025-01-13T18:56:10.040Z  INFO 6171 --- [bankapp] [           main] com.zaxxer.hikari.pool.HikariPool        : HikariPool-1 - Added connection com.mysql.cj.jdbc.ConnectionImpl@e3b0369
2025-01-13T18:56:10.042Z  INFO 6171 --- [bankapp] [           main] com.zaxxer.hikari.HikariDataSource       : HikariPool-1 - Start completed.
2025-01-13T18:56:10.484Z  INFO 6171 --- [bankapp] [           main] liquibase.changelog                      : Reading from bankappdb.DATABASECHANGELOG
Database is up to date, no changesets to execute
2025-01-13T18:56:10.517Z  INFO 6171 --- [bankapp] [           main] liquibase.changelog                      : Reading from bankappdb.DATABASECHANGELOG
2025-01-13T18:56:10.522Z  INFO 6171 --- [bankapp] [           main] liquibase.util                           : UPDATE SUMMARY
2025-01-13T18:56:10.522Z  INFO 6171 --- [bankapp] [           main] liquibase.util                           : Run:                          0
2025-01-13T18:56:10.523Z  INFO 6171 --- [bankapp] [           main] liquibase.util                           : Previously run:               0
2025-01-13T18:56:10.524Z  INFO 6171 --- [bankapp] [           main] liquibase.util                           : Filtered out:                 0
2025-01-13T18:56:10.524Z  INFO 6171 --- [bankapp] [           main] liquibase.util                           : -------------------------------
2025-01-13T18:56:10.524Z  INFO 6171 --- [bankapp] [           main] liquibase.util                           : Total change sets:            0


UPDATE SUMMARY
Run:                          0
Previously run:               0
Filtered out:                 0
-------------------------------
Total change sets:            0

2025-01-13T18:56:10.526Z  INFO 6171 --- [bankapp] [           main] liquibase.util                           : Update summary generated
2025-01-13T18:56:10.560Z  INFO 6171 --- [bankapp] [           main] liquibase.lockservice                    : Successfully released change log lock
2025-01-13T18:56:10.561Z  INFO 6171 --- [bankapp] [           main] liquibase.command                        : Command execution complete
2025-01-13T18:56:10.663Z  INFO 6171 --- [bankapp] [           main] o.hibernate.jpa.internal.util.LogHelper  : HHH000204: Processing PersistenceUnitInfo [name: default]
2025-01-13T18:56:10.715Z  INFO 6171 --- [bankapp] [           main] org.hibernate.Version                    : HHH000412: Hibernate ORM core version 6.5.2.Final
2025-01-13T18:56:10.759Z  INFO 6171 --- [bankapp] [           main] o.h.c.internal.RegionFactoryInitiator    : HHH000026: Second-level cache disabled
2025-01-13T18:56:11.073Z  INFO 6171 --- [bankapp] [           main] o.s.o.j.p.SpringPersistenceUnitInfo      : No LoadTimeWeaver setup: ignoring JPA class transformer
2025-01-13T18:56:12.087Z  INFO 6171 --- [bankapp] [           main] o.h.e.t.j.p.i.JtaPlatformInitiator       : HHH000489: No JTA platform available (set 'hibernate.transaction.jta.platform' to enable JTA platform integration)
2025-01-13T18:56:12.090Z  INFO 6171 --- [bankapp] [           main] j.LocalContainerEntityManagerFactoryBean : Initialized JPA EntityManagerFactory for persistence unit 'default'
2025-01-13T18:56:12.645Z  WARN 6171 --- [bankapp] [           main] JpaBaseConfiguration$JpaWebConfiguration : spring.jpa.open-in-view is enabled by default. Therefore, database queries may be performed during view rendering. Explicitly configure spring.jpa.open-in-view to disable this warning
2025-01-13T18:56:12.670Z  WARN 6171 --- [bankapp] [           main] r$InitializeUserDetailsManagerConfigurer : Global AuthenticationManager configured with an AuthenticationProvider bean. UserDetailsService beans will not be used for username/password login. Consider removing the AuthenticationProvider bean. Alternatively, consider using the UserDetailsService in a manually instantiated DaoAuthenticationProvider.
2025-01-13T18:56:13.407Z  INFO 6171 --- [bankapp] [           main] o.s.b.w.embedded.tomcat.TomcatWebServer  : Tomcat started on port 8080 (http) with context path '/'
2025-01-13T18:56:13.422Z  INFO 6171 --- [bankapp] [           main] com.example.bankapp.BankappApplication   : Started BankappApplication in 6.915 seconds (process running for 7.707)
2025-01-13T18:56:35.846Z  INFO 6171 --- [bankapp] [nio-8080-exec-1] o.a.c.c.C.[Tomcat].[localhost].[/]       : Initializing Spring DispatcherServlet 'dispatcherServlet'
2025-01-13T18:56:35.847Z  INFO 6171 --- [bankapp] [nio-8080-exec-1] o.s.web.servlet.DispatcherServlet        : Initializing Servlet 'dispatcherServlet'
2025-01-13T18:56:35.848Z  INFO 6171 --- [bankapp] [nio-8080-exec-1] o.s.web.servlet.DispatcherServlet        : Completed initialization in 1 ms
